# JRE version: OpenJDK Runtime Environment (8.0_112-b06) (build 1.8.0_112-release-b06)
# Java VM: OpenJDK 64-Bit Server VM (25.112-b06 mixed mode windows-amd64 compressed oops)
Heap:
 PSYoungGen      total 103936K, used 16821K [0x00000000e0000000, 0x00000000e7480000, 0x0000000100000000)
  eden space 95744K, 9% used [0x00000000e0000000,0x00000000e086f580,0x00000000e5d80000)
  from space 8192K, 99% used [0x00000000e5d80000,0x00000000e657e078,0x00000000e6580000)
  to   space 11264K, 0% used [0x00000000e6980000,0x00000000e6980000,0x00000000e7480000)
 ParOldGen       total 89600K, used 10045K [0x00000000a0000000, 0x00000000a5780000, 0x00000000e0000000)
  object space 89600K, 11% used [0x00000000a0000000,0x00000000a09cf5d0,0x00000000a5780000)
 Metaspace       used 29692K, capacity 30300K, committed 30464K, reserved 1075200K
  class space    used 4054K, capacity 4246K, committed 4352K, reserved 1048576K
GC Heap History (10 events):
Event: 2.877 GC heap before
{Heap before GC invocations=2 (full 0):
 PSYoungGen      total 57344K, used 55389K [0x00000000e0000000, 0x00000000e4000000, 0x0000000100000000)
  eden space 49152K, 100% used [0x00000000e0000000,0x00000000e3000000,0x00000000e3000000)
  from space 8192K, 76% used [0x00000000e3000000,0x00000000e3617540,0x00000000e3800000)
  to   space 8192K, 0% used [0x00000000e3800000,0x00000000e3800000,0x00000000e4000000)
 ParOldGen       total 131072K, used 16K [0x00000000a0000000, 0x00000000a8000000, 0x00000000e0000000)
  object space 131072K, 0% used [0x00000000a0000000,0x00000000a0004000,0x00000000a8000000)
 Metaspace       used 16093K, capacity 16462K, committed 16512K, reserved 1062912K
  class space    used 2242K, capacity 2400K, committed 2432K, reserved 1048576K
Event: 2.890 GC heap after
Heap after GC invocations=2 (full 0):
 PSYoungGen      total 57344K, used 8185K [0x00000000e0000000, 0x00000000e4000000, 0x0000000100000000)
  eden space 49152K, 0% used [0x00000000e0000000,0x00000000e0000000,0x00000000e3000000)
  from space 8192K, 99% used [0x00000000e3800000,0x00000000e3ffe430,0x00000000e4000000)
  to   space 8192K, 0% used [0x00000000e3000000,0x00000000e3000000,0x00000000e3800000)
 ParOldGen       total 131072K, used 427K [0x00000000a0000000, 0x00000000a8000000, 0x00000000e0000000)
  object space 131072K, 0% used [0x00000000a0000000,0x00000000a006ad68,0x00000000a8000000)
 Metaspace       used 16093K, capacity 16462K, committed 16512K, reserved 1062912K
  class space    used 2242K, capacity 2400K, committed 2432K, reserved 1048576K
}
Event: 3.581 GC heap before
{Heap before GC invocations=3 (full 0):
 PSYoungGen      total 57344K, used 33750K [0x00000000e0000000, 0x00000000e4000000, 0x0000000100000000)
  eden space 49152K, 52% used [0x00000000e0000000,0x00000000e18f7720,0x00000000e3000000)
  from space 8192K, 99% used [0x00000000e3800000,0x00000000e3ffe430,0x00000000e4000000)
  to   space 8192K, 0% used [0x00000000e3000000,0x00000000e3000000,0x00000000e3800000)
 ParOldGen       total 131072K, used 427K [0x00000000a0000000, 0x00000000a8000000, 0x00000000e0000000)
  object space 131072K, 0% used [0x00000000a0000000,0x00000000a006ad68,0x00000000a8000000)
 Metaspace       used 20853K, capacity 21210K, committed 21296K, reserved 1067008K
  class space    used 2782K, capacity 2916K, committed 2944K, reserved 1048576K
Event: 3.597 GC heap after
Heap after GC invocations=3 (full 0):
 PSYoungGen      total 57344K, used 8187K [0x00000000e0000000, 0x00000000e7000000, 0x0000000100000000)
  eden space 49152K, 0% used [0x00000000e0000000,0x00000000e0000000,0x00000000e3000000)
  from space 8192K, 99% used [0x00000000e3000000,0x00000000e37feff0,0x00000000e3800000)
  to   space 8192K, 0% used [0x00000000e6800000,0x00000000e6800000,0x00000000e7000000)
 ParOldGen       total 131072K, used 2018K [0x00000000a0000000, 0x00000000a8000000, 0x00000000e0000000)
  object space 131072K, 1% used [0x00000000a0000000,0x00000000a01f8818,0x00000000a8000000)
 Metaspace       used 20853K, capacity 21210K, committed 21296K, reserved 1067008K
  class space    used 2782K, capacity 2916K, committed 2944K, reserved 1048576K
}
Event: 3.597 GC heap before
{Heap before GC invocations=4 (full 1):
 PSYoungGen      total 57344K, used 8187K [0x00000000e0000000, 0x00000000e7000000, 0x0000000100000000)
  eden space 49152K, 0% used [0x00000000e0000000,0x00000000e0000000,0x00000000e3000000)
  from space 8192K, 99% used [0x00000000e3000000,0x00000000e37feff0,0x00000000e3800000)
  to   space 8192K, 0% used [0x00000000e6800000,0x00000000e6800000,0x00000000e7000000)
 ParOldGen       total 131072K, used 2018K [0x00000000a0000000, 0x00000000a8000000, 0x00000000e0000000)
  object space 131072K, 1% used [0x00000000a0000000,0x00000000a01f8818,0x00000000a8000000)
 Metaspace       used 20853K, capacity 21210K, committed 21296K, reserved 1067008K
  class space    used 2782K, capacity 2916K, committed 2944K, reserved 1048576K
Event: 3.656 GC heap after
Heap after GC invocations=4 (full 1):
 PSYoungGen      total 57344K, used 0K [0x00000000e0000000, 0x00000000e7000000, 0x0000000100000000)
  eden space 49152K, 0% used [0x00000000e0000000,0x00000000e0000000,0x00000000e3000000)
  from space 8192K, 0% used [0x00000000e3000000,0x00000000e3000000,0x00000000e3800000)
  to   space 8192K, 0% used [0x00000000e6800000,0x00000000e6800000,0x00000000e7000000)
 ParOldGen       total 89600K, used 9555K [0x00000000a0000000, 0x00000000a5780000, 0x00000000e0000000)
  object space 89600K, 10% used [0x00000000a0000000,0x00000000a0954d20,0x00000000a5780000)
 Metaspace       used 20853K, capacity 21210K, committed 21296K, reserved 1067008K
  class space    used 2782K, capacity 2916K, committed 2944K, reserved 1048576K
}
Event: 4.991 GC heap before
{Heap before GC invocations=5 (full 1):
 PSYoungGen      total 57344K, used 49152K [0x00000000e0000000, 0x00000000e7000000, 0x0000000100000000)
  eden space 49152K, 100% used [0x00000000e0000000,0x00000000e3000000,0x00000000e3000000)
  from space 8192K, 0% used [0x00000000e3000000,0x00000000e3000000,0x00000000e3800000)
  to   space 8192K, 0% used [0x00000000e6800000,0x00000000e6800000,0x00000000e7000000)
 ParOldGen       total 89600K, used 9555K [0x00000000a0000000, 0x00000000a5780000, 0x00000000e0000000)
  object space 89600K, 10% used [0x00000000a0000000,0x00000000a0954d20,0x00000000a5780000)
 Metaspace       used 24607K, capacity 25136K, committed 25344K, reserved 1071104K
  class space    used 3338K, capacity 3491K, committed 3584K, reserved 1048576K
Event: 5.000 GC heap after
Heap after GC invocations=5 (full 1):
 PSYoungGen      total 74240K, used 5469K [0x00000000e0000000, 0x00000000e6d80000, 0x0000000100000000)
  eden space 68608K, 0% used [0x00000000e0000000,0x00000000e0000000,0x00000000e4300000)
  from space 5632K, 97% used [0x00000000e6800000,0x00000000e6d57618,0x00000000e6d80000)
  to   space 8192K, 0% used [0x00000000e5d80000,0x00000000e5d80000,0x00000000e6580000)
 ParOldGen       total 89600K, used 9563K [0x00000000a0000000, 0x00000000a5780000, 0x00000000e0000000)
  object space 89600K, 10% used [0x00000000a0000000,0x00000000a0956d20,0x00000000a5780000)
 Metaspace       used 24607K, capacity 25136K, committed 25344K, reserved 1071104K
  class space    used 3338K, capacity 3491K, committed 3584K, reserved 1048576K
}
Event: 6.147 GC heap before
{Heap before GC invocations=6 (full 1):
 PSYoungGen      total 74240K, used 74077K [0x00000000e0000000, 0x00000000e6d80000, 0x0000000100000000)
  eden space 68608K, 100% used [0x00000000e0000000,0x00000000e4300000,0x00000000e4300000)
  from space 5632K, 97% used [0x00000000e6800000,0x00000000e6d57618,0x00000000e6d80000)
  to   space 8192K, 0% used [0x00000000e5d80000,0x00000000e5d80000,0x00000000e6580000)
 ParOldGen       total 89600K, used 9563K [0x00000000a0000000, 0x00000000a5780000, 0x00000000e0000000)
  object space 89600K, 10% used [0x00000000a0000000,0x00000000a0956d20,0x00000000a5780000)
 Metaspace       used 29639K, capacity 30300K, committed 30464K, reserved 1075200K
  class space    used 4054K, capacity 4246K, committed 4352K, reserved 1048576K
Event: 6.162 GC heap after
Heap after GC invocations=6 (full 1):
 PSYoungGen      total 103936K, used 8184K [0x00000000e0000000, 0x00000000e7480000, 0x0000000100000000)
  eden space 95744K, 0% used [0x00000000e0000000,0x00000000e0000000,0x00000000e5d80000)
  from space 8192K, 99% used [0x00000000e5d80000,0x00000000e657e078,0x00000000e6580000)
  to   space 11264K, 0% used [0x00000000e6980000,0x00000000e6980000,0x00000000e7480000)
 ParOldGen       total 89600K, used 10045K [0x00000000a0000000, 0x00000000a5780000, 0x00000000e0000000)
  object space 89600K, 11% used [0x00000000a0000000,0x00000000a09cf5d0,0x00000000a5780000)
 Metaspace       used 29639K, capacity 30300K, committed 30464K, reserved 1075200K
  class space    used 4054K, capacity 4246K, committed 4352K, reserved 1048576K
}

