# JRE version: OpenJDK Runtime Environment (8.0_112-b06) (build 1.8.0_112-release-b06)
# Java VM: OpenJDK 64-Bit Server VM (25.112-b06 mixed mode windows-amd64 compressed oops)
Heap:
 PSYoungGen      total 154624K, used 21318K [0x00000000e0000000, 0x00000000eb500000, 0x0000000100000000)
  eden space 135680K, 1% used [0x00000000e0000000,0x00000000e0259858,0x00000000e8480000)
  from space 18944K, 99% used [0x00000000e9c00000,0x00000000eae78218,0x00000000eae80000)
  to   space 24064K, 0% used [0x00000000e8480000,0x00000000e8480000,0x00000000e9c00000)
 ParOldGen       total 90624K, used 34152K [0x00000000a0000000, 0x00000000a5880000, 0x00000000e0000000)
  object space 90624K, 37% used [0x00000000a0000000,0x00000000a215a068,0x00000000a5880000)
 Metaspace       used 53950K, capacity 56338K, committed 56576K, reserved 1097728K
  class space    used 7350K, capacity 7854K, committed 7936K, reserved 1048576K
GC Heap History (10 events):
Event: 36.618 GC heap before
{Heap before GC invocations=10 (full 2):
 PSYoungGen      total 58880K, used 48128K [0x00000000e0000000, 0x00000000e5c00000, 0x0000000100000000)
  eden space 48128K, 100% used [0x00000000e0000000,0x00000000e2f00000,0x00000000e2f00000)
  from space 10752K, 0% used [0x00000000e2f00000,0x00000000e2f00000,0x00000000e3980000)
  to   space 11776K, 0% used [0x00000000e5080000,0x00000000e5080000,0x00000000e5c00000)
 ParOldGen       total 90624K, used 16637K [0x00000000a0000000, 0x00000000a5880000, 0x00000000e0000000)
  object space 90624K, 18% used [0x00000000a0000000,0x00000000a103f530,0x00000000a5880000)
 Metaspace       used 37353K, capacity 38112K, committed 38272K, reserved 1083392K
  class space    used 4988K, capacity 5223K, committed 5248K, reserved 1048576K
Event: 36.674 GC heap after
Heap after GC invocations=10 (full 2):
 PSYoungGen      total 82432K, used 4279K [0x00000000e0000000, 0x00000000e6800000, 0x0000000100000000)
  eden space 70656K, 0% used [0x00000000e0000000,0x00000000e0000000,0x00000000e4500000)
  from space 11776K, 36% used [0x00000000e5080000,0x00000000e54adf48,0x00000000e5c00000)
  to   space 11776K, 0% used [0x00000000e4500000,0x00000000e4500000,0x00000000e5080000)
 ParOldGen       total 90624K, used 16645K [0x00000000a0000000, 0x00000000a5880000, 0x00000000e0000000)
  object space 90624K, 18% used [0x00000000a0000000,0x00000000a1041530,0x00000000a5880000)
 Metaspace       used 37353K, capacity 38112K, committed 38272K, reserved 1083392K
  class space    used 4988K, capacity 5223K, committed 5248K, reserved 1048576K
}
Event: 40.867 GC heap before
{Heap before GC invocations=11 (full 2):
 PSYoungGen      total 82432K, used 74935K [0x00000000e0000000, 0x00000000e6800000, 0x0000000100000000)
  eden space 70656K, 100% used [0x00000000e0000000,0x00000000e4500000,0x00000000e4500000)
  from space 11776K, 36% used [0x00000000e5080000,0x00000000e54adf48,0x00000000e5c00000)
  to   space 11776K, 0% used [0x00000000e4500000,0x00000000e4500000,0x00000000e5080000)
 ParOldGen       total 90624K, used 16645K [0x00000000a0000000, 0x00000000a5880000, 0x00000000e0000000)
  object space 90624K, 18% used [0x00000000a0000000,0x00000000a1041530,0x00000000a5880000)
 Metaspace       used 42970K, capacity 43932K, committed 44160K, reserved 1087488K
  class space    used 5782K, capacity 5996K, committed 6016K, reserved 1048576K
Event: 40.892 GC heap after
Heap after GC invocations=11 (full 2):
 PSYoungGen      total 82432K, used 9718K [0x00000000e0000000, 0x00000000e7a00000, 0x0000000100000000)
  eden space 70656K, 0% used [0x00000000e0000000,0x00000000e0000000,0x00000000e4500000)
  from space 11776K, 82% used [0x00000000e4500000,0x00000000e4e7db60,0x00000000e5080000)
  to   space 12288K, 0% used [0x00000000e6e00000,0x00000000e6e00000,0x00000000e7a00000)
 ParOldGen       total 90624K, used 16653K [0x00000000a0000000, 0x00000000a5880000, 0x00000000e0000000)
  object space 90624K, 18% used [0x00000000a0000000,0x00000000a1043530,0x00000000a5880000)
 Metaspace       used 42970K, capacity 43932K, committed 44160K, reserved 1087488K
  class space    used 5782K, capacity 5996K, committed 6016K, reserved 1048576K
}
Event: 43.739 GC heap before
{Heap before GC invocations=12 (full 2):
 PSYoungGen      total 82432K, used 80374K [0x00000000e0000000, 0x00000000e7a00000, 0x0000000100000000)
  eden space 70656K, 100% used [0x00000000e0000000,0x00000000e4500000,0x00000000e4500000)
  from space 11776K, 82% used [0x00000000e4500000,0x00000000e4e7db60,0x00000000e5080000)
  to   space 12288K, 0% used [0x00000000e6e00000,0x00000000e6e00000,0x00000000e7a00000)
 ParOldGen       total 90624K, used 16653K [0x00000000a0000000, 0x00000000a5880000, 0x00000000e0000000)
  object space 90624K, 18% used [0x00000000a0000000,0x00000000a1043530,0x00000000a5880000)
 Metaspace       used 46464K, capacity 47922K, committed 48128K, reserved 1091584K
  class space    used 6311K, capacity 6599K, committed 6656K, reserved 1048576K
Event: 43.795 GC heap after
Heap after GC invocations=12 (full 2):
 PSYoungGen      total 110592K, used 12271K [0x00000000e0000000, 0x00000000e7f80000, 0x0000000100000000)
  eden space 98304K, 0% used [0x00000000e0000000,0x00000000e0000000,0x00000000e6000000)
  from space 12288K, 99% used [0x00000000e6e00000,0x00000000e79fbff0,0x00000000e7a00000)
  to   space 14336K, 0% used [0x00000000e6000000,0x00000000e6000000,0x00000000e6e00000)
 ParOldGen       total 90624K, used 19003K [0x00000000a0000000, 0x00000000a5880000, 0x00000000e0000000)
  object space 90624K, 20% used [0x00000000a0000000,0x00000000a128ec08,0x00000000a5880000)
 Metaspace       used 46464K, capacity 47922K, committed 48128K, reserved 1091584K
  class space    used 6311K, capacity 6599K, committed 6656K, reserved 1048576K
}
Event: 47.180 GC heap before
{Heap before GC invocations=13 (full 2):
 PSYoungGen      total 110592K, used 110575K [0x00000000e0000000, 0x00000000e7f80000, 0x0000000100000000)
  eden space 98304K, 100% used [0x00000000e0000000,0x00000000e6000000,0x00000000e6000000)
  from space 12288K, 99% used [0x00000000e6e00000,0x00000000e79fbff0,0x00000000e7a00000)
  to   space 14336K, 0% used [0x00000000e6000000,0x00000000e6000000,0x00000000e6e00000)
 ParOldGen       total 90624K, used 19003K [0x00000000a0000000, 0x00000000a5880000, 0x00000000e0000000)
  object space 90624K, 20% used [0x00000000a0000000,0x00000000a128ec08,0x00000000a5880000)
 Metaspace       used 49598K, capacity 51204K, committed 51328K, reserved 1093632K
  class space    used 6780K, capacity 7184K, committed 7296K, reserved 1048576K
Event: 47.210 GC heap after
Heap after GC invocations=13 (full 2):
 PSYoungGen      total 112640K, used 14304K [0x00000000e0000000, 0x00000000eae80000, 0x0000000100000000)
  eden space 98304K, 0% used [0x00000000e0000000,0x00000000e0000000,0x00000000e6000000)
  from space 14336K, 99% used [0x00000000e6000000,0x00000000e6df81f8,0x00000000e6e00000)
  to   space 18944K, 0% used [0x00000000e9c00000,0x00000000e9c00000,0x00000000eae80000)
 ParOldGen       total 90624K, used 27109K [0x00000000a0000000, 0x00000000a5880000, 0x00000000e0000000)
  object space 90624K, 29% used [0x00000000a0000000,0x00000000a1a794c8,0x00000000a5880000)
 Metaspace       used 49598K, capacity 51204K, committed 51328K, reserved 1093632K
  class space    used 6780K, capacity 7184K, committed 7296K, reserved 1048576K
}
Event: 647.578 GC heap before
{Heap before GC invocations=14 (full 2):
 PSYoungGen      total 112640K, used 112608K [0x00000000e0000000, 0x00000000eae80000, 0x0000000100000000)
  eden space 98304K, 100% used [0x00000000e0000000,0x00000000e6000000,0x00000000e6000000)
  from space 14336K, 99% used [0x00000000e6000000,0x00000000e6df81f8,0x00000000e6e00000)
  to   space 18944K, 0% used [0x00000000e9c00000,0x00000000e9c00000,0x00000000eae80000)
 ParOldGen       total 90624K, used 27109K [0x00000000a0000000, 0x00000000a5880000, 0x00000000e0000000)
  object space 90624K, 29% used [0x00000000a0000000,0x00000000a1a794c8,0x00000000a5880000)
 Metaspace       used 53938K, capacity 56274K, committed 56576K, reserved 1097728K
  class space    used 7350K, capacity 7854K, committed 7936K, reserved 1048576K
Event: 647.619 GC heap after
Heap after GC invocations=14 (full 2):
 PSYoungGen      total 154624K, used 18912K [0x00000000e0000000, 0x00000000eb500000, 0x0000000100000000)
  eden space 135680K, 0% used [0x00000000e0000000,0x00000000e0000000,0x00000000e8480000)
  from space 18944K, 99% used [0x00000000e9c00000,0x00000000eae78218,0x00000000eae80000)
  to   space 24064K, 0% used [0x00000000e8480000,0x00000000e8480000,0x00000000e9c00000)
 ParOldGen       total 90624K, used 34152K [0x00000000a0000000, 0x00000000a5880000, 0x00000000e0000000)
  object space 90624K, 37% used [0x00000000a0000000,0x00000000a215a068,0x00000000a5880000)
 Metaspace       used 53938K, capacity 56274K, committed 56576K, reserved 1097728K
  class space    used 7350K, capacity 7854K, committed 7936K, reserved 1048576K
}

